# JRE version: OpenJDK Runtime Environment Temurin-17.0.7+7 (17.0.7+7) (build 17.0.7+7)
# Java VM: OpenJDK 64-Bit Server VM Temurin-17.0.7+7 (17.0.7+7, mixed mode, emulated-client, tiered, compressed oops, compressed class ptrs, g1 gc, windows-amd64)
GC Precious Log:
 CPUs: 4 total, 4 available
 Memory: 7094M
 Large Page Support: Disabled
 NUMA Support: Disabled
 Compressed Oops: Enabled (32-bit)
 Heap Region Size: 1M
 Heap Min Capacity: 8M
 Heap Initial Capacity: 112M
 Heap Max Capacity: 1G
 Pre-touch: Disabled
 Parallel Workers: 4
 Concurrent Workers: 1
 Concurrent Refinement Workers: 4
 Periodic GC: Disabled
Heap:
 garbage-first heap   total 147456K, used 47306K [0x00000000c0000000, 0x0000000100000000)
  region size 1024K, 1 young (1024K), 0 survivors (0K)
 Metaspace       used 69334K, committed 69760K, reserved 1114112K
  class space    used 9118K, committed 9280K, reserved 1048576K
GC Heap History (20 events):
Event: 69573.353 GC heap before
{Heap before GC invocations=6730 (full 6641):
 garbage-first heap   total 147456K, used 47306K [0x00000000c0000000, 0x0000000100000000)
  region size 1024K, 1 young (1024K), 0 survivors (0K)
 Metaspace       used 69334K, committed 69760K, reserved 1114112K
  class space    used 9118K, committed 9280K, reserved 1048576K
}
Event: 69573.391 GC heap after
{Heap after GC invocations=6731 (full 6642):
 garbage-first heap   total 147456K, used 47306K [0x00000000c0000000, 0x0000000100000000)
  region size 1024K, 0 young (0K), 0 survivors (0K)
 Metaspace       used 69334K, committed 69760K, reserved 1114112K
  class space    used 9118K, committed 9280K, reserved 1048576K
}
Event: 69583.540 GC heap before
{Heap before GC invocations=6731 (full 6642):
 garbage-first heap   total 147456K, used 47306K [0x00000000c0000000, 0x0000000100000000)
  region size 1024K, 1 young (1024K), 0 survivors (0K)
 Metaspace       used 69334K, committed 69760K, reserved 1114112K
  class space    used 9118K, committed 9280K, reserved 1048576K
}
Event: 69583.577 GC heap after
{Heap after GC invocations=6732 (full 6643):
 garbage-first heap   total 147456K, used 47306K [0x00000000c0000000, 0x0000000100000000)
  region size 1024K, 0 young (0K), 0 survivors (0K)
 Metaspace       used 69334K, committed 69760K, reserved 1114112K
  class space    used 9118K, committed 9280K, reserved 1048576K
}
Event: 69593.727 GC heap before
{Heap before GC invocations=6732 (full 6643):
 garbage-first heap   total 147456K, used 47306K [0x00000000c0000000, 0x0000000100000000)
  region size 1024K, 1 young (1024K), 0 survivors (0K)
 Metaspace       used 69334K, committed 69760K, reserved 1114112K
  class space    used 9118K, committed 9280K, reserved 1048576K
}
Event: 69593.764 GC heap after
{Heap after GC invocations=6733 (full 6644):
 garbage-first heap   total 147456K, used 47306K [0x00000000c0000000, 0x0000000100000000)
  region size 1024K, 0 young (0K), 0 survivors (0K)
 Metaspace       used 69334K, committed 69760K, reserved 1114112K
  class space    used 9118K, committed 9280K, reserved 1048576K
}
Event: 69603.906 GC heap before
{Heap before GC invocations=6733 (full 6644):
 garbage-first heap   total 147456K, used 47306K [0x00000000c0000000, 0x0000000100000000)
  region size 1024K, 1 young (1024K), 0 survivors (0K)
 Metaspace       used 69334K, committed 69760K, reserved 1114112K
  class space    used 9118K, committed 9280K, reserved 1048576K
}
Event: 69603.943 GC heap after
{Heap after GC invocations=6734 (full 6645):
 garbage-first heap   total 147456K, used 47306K [0x00000000c0000000, 0x0000000100000000)
  region size 1024K, 0 young (0K), 0 survivors (0K)
 Metaspace       used 69334K, committed 69760K, reserved 1114112K
  class space    used 9118K, committed 9280K, reserved 1048576K
}
Event: 69614.098 GC heap before
{Heap before GC invocations=6734 (full 6645):
 garbage-first heap   total 147456K, used 47306K [0x00000000c0000000, 0x0000000100000000)
  region size 1024K, 1 young (1024K), 0 survivors (0K)
 Metaspace       used 69334K, committed 69760K, reserved 1114112K
  class space    used 9118K, committed 9280K, reserved 1048576K
}
Event: 69614.134 GC heap after
{Heap after GC invocations=6735 (full 6646):
 garbage-first heap   total 147456K, used 47306K [0x00000000c0000000, 0x0000000100000000)
  region size 1024K, 0 young (0K), 0 survivors (0K)
 Metaspace       used 69334K, committed 69760K, reserved 1114112K
  class space    used 9118K, committed 9280K, reserved 1048576K
}
Event: 69624.291 GC heap before
{Heap before GC invocations=6735 (full 6646):
 garbage-first heap   total 147456K, used 47306K [0x00000000c0000000, 0x0000000100000000)
  region size 1024K, 1 young (1024K), 0 survivors (0K)
 Metaspace       used 69334K, committed 69760K, reserved 1114112K
  class space    used 9118K, committed 9280K, reserved 1048576K
}
Event: 69624.329 GC heap after
{Heap after GC invocations=6736 (full 6647):
 garbage-first heap   total 147456K, used 47306K [0x00000000c0000000, 0x0000000100000000)
  region size 1024K, 0 young (0K), 0 survivors (0K)
 Metaspace       used 69334K, committed 69760K, reserved 1114112K
  class space    used 9118K, committed 9280K, reserved 1048576K
}
Event: 69634.477 GC heap before
{Heap before GC invocations=6736 (full 6647):
 garbage-first heap   total 147456K, used 47306K [0x00000000c0000000, 0x0000000100000000)
  region size 1024K, 1 young (1024K), 0 survivors (0K)
 Metaspace       used 69334K, committed 69760K, reserved 1114112K
  class space    used 9118K, committed 9280K, reserved 1048576K
}
Event: 69634.516 GC heap after
{Heap after GC invocations=6737 (full 6648):
 garbage-first heap   total 147456K, used 47306K [0x00000000c0000000, 0x0000000100000000)
  region size 1024K, 0 young (0K), 0 survivors (0K)
 Metaspace       used 69334K, committed 69760K, reserved 1114112K
  class space    used 9118K, committed 9280K, reserved 1048576K
}
Event: 69644.661 GC heap before
{Heap before GC invocations=6737 (full 6648):
 garbage-first heap   total 147456K, used 47306K [0x00000000c0000000, 0x0000000100000000)
  region size 1024K, 1 young (1024K), 0 survivors (0K)
 Metaspace       used 69334K, committed 69760K, reserved 1114112K
  class space    used 9118K, committed 9280K, reserved 1048576K
}
Event: 69644.698 GC heap after
{Heap after GC invocations=6738 (full 6649):
 garbage-first heap   total 147456K, used 47306K [0x00000000c0000000, 0x0000000100000000)
  region size 1024K, 0 young (0K), 0 survivors (0K)
 Metaspace       used 69334K, committed 69760K, reserved 1114112K
  class space    used 9118K, committed 9280K, reserved 1048576K
}
Event: 69654.853 GC heap before
{Heap before GC invocations=6738 (full 6649):
 garbage-first heap   total 147456K, used 47306K [0x00000000c0000000, 0x0000000100000000)
  region size 1024K, 1 young (1024K), 0 survivors (0K)
 Metaspace       used 69334K, committed 69760K, reserved 1114112K
  class space    used 9118K, committed 9280K, reserved 1048576K
}
Event: 69654.890 GC heap after
{Heap after GC invocations=6739 (full 6650):
 garbage-first heap   total 147456K, used 47306K [0x00000000c0000000, 0x0000000100000000)
  region size 1024K, 0 young (0K), 0 survivors (0K)
 Metaspace       used 69334K, committed 69760K, reserved 1114112K
  class space    used 9118K, committed 9280K, reserved 1048576K
}
Event: 69665.047 GC heap before
{Heap before GC invocations=6739 (full 6650):
 garbage-first heap   total 147456K, used 47306K [0x00000000c0000000, 0x0000000100000000)
  region size 1024K, 1 young (1024K), 0 survivors (0K)
 Metaspace       used 69334K, committed 69760K, reserved 1114112K
  class space    used 9118K, committed 9280K, reserved 1048576K
}
Event: 69665.083 GC heap after
{Heap after GC invocations=6740 (full 6651):
 garbage-first heap   total 147456K, used 47306K [0x00000000c0000000, 0x0000000100000000)
  region size 1024K, 0 young (0K), 0 survivors (0K)
 Metaspace       used 69334K, committed 69760K, reserved 1114112K
  class space    used 9118K, committed 9280K, reserved 1048576K
}

